2018-10-08 17:37:22.786+0000 INFO [o.n.k.i.l.StoreLogService] Opened new internal log file
2018-10-08 17:37:22.786+0000 INFO [o.n.k.i.DiagnosticsManager] Graph Database: community single StoreId{creationTime=1539014908552, randomId=-7440048082398005642, storeVersion=16094931155187206, upgradeTime=1539014908552, upgradeId=1}
2018-10-08 17:37:22.786+0000 INFO [o.n.k.i.DiagnosticsManager] Kernel version: 3.4.7,be5c7e8cd4392c69f1e4ac630415497ada29e7ae
2018-10-08 17:37:22.786+0000 INFO [o.n.k.i.DiagnosticsManager] Neo4j Kernel properties:
2018-10-08 17:37:22.786+0000 INFO [o.n.k.i.DiagnosticsManager] dbms.connector.http.enabled=true
2018-10-08 17:37:22.786+0000 INFO [o.n.k.i.DiagnosticsManager] unsupported.dbms.block_size.labels=56
2018-10-08 17:37:22.786+0000 INFO [o.n.k.i.DiagnosticsManager] dbms.security.auth_enabled=true
2018-10-08 17:37:22.786+0000 INFO [o.n.k.i.DiagnosticsManager] dbms.windows_service_name=neo4j
2018-10-08 17:37:22.786+0000 INFO [o.n.k.i.DiagnosticsManager] unsupported.dbms.block_size.strings=120
2018-10-08 17:37:22.787+0000 INFO [o.n.k.i.DiagnosticsManager] unsupported.dbms.directories.neo4j_home=/Users/rob/dev/rebar-graph/.circleci/neo4j-community-3.4.7
2018-10-08 17:37:22.787+0000 INFO [o.n.k.i.DiagnosticsManager] dbms.directories.import=import
2018-10-08 17:37:22.787+0000 INFO [o.n.k.i.DiagnosticsManager] unsupported.dbms.block_size.array_properties=120
2018-10-08 17:37:22.787+0000 INFO [o.n.k.i.DiagnosticsManager] unsupported.dbms.edition=community
2018-10-08 17:37:22.787+0000 INFO [o.n.k.i.DiagnosticsManager] dbms.connector.bolt.enabled=true
2018-10-08 17:37:22.787+0000 INFO [o.n.k.i.DiagnosticsManager] dbms.connector.https.enabled=true
2018-10-08 17:37:22.787+0000 INFO [o.n.k.i.DiagnosticsManager] dbms.jvm.additional=-Dunsupported.dbms.udc.source=tarball
2018-10-08 17:37:22.787+0000 INFO [o.n.k.i.DiagnosticsManager] dbms.tx_log.rotation.retention_policy=1 days
2018-10-08 17:37:22.787+0000 INFO [o.n.k.i.DiagnosticsManager] Diagnostics providers:
2018-10-08 17:37:22.787+0000 INFO [o.n.k.i.DiagnosticsManager] KernelDiagnostics:Versions
2018-10-08 17:37:22.787+0000 INFO [o.n.k.i.DiagnosticsManager] org.neo4j.kernel.configuration.Config
2018-10-08 17:37:22.787+0000 INFO [o.n.k.i.DiagnosticsManager] org.neo4j.kernel.info.DiagnosticsManager
2018-10-08 17:37:22.787+0000 INFO [o.n.k.i.DiagnosticsManager] SYSTEM_MEMORY
2018-10-08 17:37:22.787+0000 INFO [o.n.k.i.DiagnosticsManager] JAVA_MEMORY
2018-10-08 17:37:22.787+0000 INFO [o.n.k.i.DiagnosticsManager] OPERATING_SYSTEM
2018-10-08 17:37:22.787+0000 INFO [o.n.k.i.DiagnosticsManager] JAVA_VIRTUAL_MACHINE
2018-10-08 17:37:22.787+0000 INFO [o.n.k.i.DiagnosticsManager] CLASSPATH
2018-10-08 17:37:22.787+0000 INFO [o.n.k.i.DiagnosticsManager] LIBRARY_PATH
2018-10-08 17:37:22.787+0000 INFO [o.n.k.i.DiagnosticsManager] SYSTEM_PROPERTIES
2018-10-08 17:37:22.787+0000 INFO [o.n.k.i.DiagnosticsManager] TIMEZONE_DATABASE
2018-10-08 17:37:22.787+0000 INFO [o.n.k.i.DiagnosticsManager] NETWORK
2018-10-08 17:37:22.787+0000 INFO [o.n.k.i.DiagnosticsManager] NEO_STORE_VERSIONS
2018-10-08 17:37:22.787+0000 INFO [o.n.k.i.DiagnosticsManager] NEO_STORE_ID_USAGE
2018-10-08 17:37:22.787+0000 INFO [o.n.k.i.DiagnosticsManager] NEO_STORE_RECORDS
2018-10-08 17:37:22.787+0000 INFO [o.n.k.i.DiagnosticsManager] TRANSACTION_RANGE
2018-10-08 17:37:22.787+0000 INFO [o.n.k.i.DiagnosticsManager] KernelDiagnostics:StoreFiles
2018-10-08 17:37:22.787+0000 INFO [o.n.k.i.DiagnosticsManager] System memory information:
2018-10-08 17:37:22.787+0000 INFO [o.n.k.i.DiagnosticsManager] Total Physical memory: 32.00 GB
2018-10-08 17:37:22.787+0000 INFO [o.n.k.i.DiagnosticsManager] Free Physical memory: 9.29 GB
2018-10-08 17:37:22.787+0000 INFO [o.n.k.i.DiagnosticsManager] Committed virtual memory: 14.12 GB
2018-10-08 17:37:22.788+0000 INFO [o.n.k.i.DiagnosticsManager] Total swap space: 1.00 GB
2018-10-08 17:37:22.788+0000 INFO [o.n.k.i.DiagnosticsManager] Free swap space: 866.25 MB
2018-10-08 17:37:22.788+0000 INFO [o.n.k.i.DiagnosticsManager] JVM memory information:
2018-10-08 17:37:22.788+0000 INFO [o.n.k.i.DiagnosticsManager] Free  memory: 214.00 MB
2018-10-08 17:37:22.788+0000 INFO [o.n.k.i.DiagnosticsManager] Total memory: 512.00 MB
2018-10-08 17:37:22.788+0000 INFO [o.n.k.i.DiagnosticsManager] Max   memory: 8.00 GB
2018-10-08 17:37:22.788+0000 INFO [o.n.k.i.DiagnosticsManager] Garbage Collector: G1 Young Generation: [G1 Eden Space, G1 Survivor Space]
2018-10-08 17:37:22.788+0000 INFO [o.n.k.i.DiagnosticsManager] Garbage Collector: G1 Old Generation: [G1 Eden Space, G1 Survivor Space, G1 Old Gen]
2018-10-08 17:37:22.788+0000 INFO [o.n.k.i.DiagnosticsManager] Memory Pool: Code Cache (Non-heap memory): committed=13.13 MB, used=11.46 MB, max=240.00 MB, threshold=0.00 B
2018-10-08 17:37:22.788+0000 INFO [o.n.k.i.DiagnosticsManager] Memory Pool: Metaspace (Non-heap memory): committed=56.38 MB, used=54.66 MB, max=-1.00 B, threshold=0.00 B
2018-10-08 17:37:22.788+0000 INFO [o.n.k.i.DiagnosticsManager] Memory Pool: Compressed Class Space (Non-heap memory): committed=8.63 MB, used=8.20 MB, max=1.00 GB, threshold=0.00 B
2018-10-08 17:37:22.788+0000 INFO [o.n.k.i.DiagnosticsManager] Memory Pool: G1 Eden Space (Heap memory): committed=296.00 MB, used=262.00 MB, max=-1.00 B, threshold=?
2018-10-08 17:37:22.789+0000 INFO [o.n.k.i.DiagnosticsManager] Memory Pool: G1 Survivor Space (Heap memory): committed=26.00 MB, used=26.00 MB, max=-1.00 B, threshold=?
2018-10-08 17:37:22.789+0000 INFO [o.n.k.i.DiagnosticsManager] Memory Pool: G1 Old Gen (Heap memory): committed=190.00 MB, used=6.00 MB, max=8.00 GB, threshold=0.00 B
2018-10-08 17:37:22.789+0000 INFO [o.n.k.i.DiagnosticsManager] Operating system information:
2018-10-08 17:37:22.789+0000 INFO [o.n.k.i.DiagnosticsManager] Operating System: Mac OS X; version: 10.13.6; arch: x86_64; cpus: 12
2018-10-08 17:37:22.789+0000 INFO [o.n.k.i.DiagnosticsManager] Max number of file descriptors: 10240
2018-10-08 17:37:22.789+0000 INFO [o.n.k.i.DiagnosticsManager] Number of open file descriptors: 504
2018-10-08 17:37:22.836+0000 INFO [o.n.k.i.DiagnosticsManager] Process id: 31597@Roberts-MBP.hsd1.ca.comcast.net
2018-10-08 17:37:22.836+0000 INFO [o.n.k.i.DiagnosticsManager] Byte order: LITTLE_ENDIAN
2018-10-08 17:37:22.836+0000 INFO [o.n.k.i.DiagnosticsManager] Local timezone: America/Los_Angeles
2018-10-08 17:37:22.836+0000 INFO [o.n.k.i.DiagnosticsManager] JVM information:
2018-10-08 17:37:22.836+0000 INFO [o.n.k.i.DiagnosticsManager] VM Name: Java HotSpot(TM) 64-Bit Server VM
2018-10-08 17:37:22.836+0000 INFO [o.n.k.i.DiagnosticsManager] VM Vendor: Oracle Corporation
2018-10-08 17:37:22.836+0000 INFO [o.n.k.i.DiagnosticsManager] VM Version: 25.181-b13
2018-10-08 17:37:22.836+0000 INFO [o.n.k.i.DiagnosticsManager] JIT compiler: HotSpot 64-Bit Tiered Compilers
2018-10-08 17:37:22.836+0000 INFO [o.n.k.i.DiagnosticsManager] VM Arguments: [-XX:+UseG1GC, -XX:-OmitStackTraceInFastThrow, -XX:+AlwaysPreTouch, -XX:+UnlockExperimentalVMOptions, -XX:+TrustFinalNonStaticFields, -XX:+DisableExplicitGC, -Djdk.tls.ephemeralDHKeySize=2048, -Djdk.tls.rejectClientInitiatedRenegotiation=true, -Dunsupported.dbms.udc.source=tarball, -Dfile.encoding=UTF-8]
2018-10-08 17:37:22.836+0000 INFO [o.n.k.i.DiagnosticsManager] Java classpath:
2018-10-08 17:37:22.844+0000 INFO [o.n.k.i.DiagnosticsManager]  [classpath + loader.0] file:/Users/rob/dev/rebar-graph/.circleci/neo4j-community-3.4.7/lib/neo4j-jmx-3.4.7.jar
2018-10-08 17:37:22.844+0000 INFO [o.n.k.i.DiagnosticsManager]  [classpath + loader.0] file:/Users/rob/dev/rebar-graph/.circleci/neo4j-community-3.4.7/lib/jackson-jaxrs-1.9.13.jar
2018-10-08 17:37:22.844+0000 INFO [o.n.k.i.DiagnosticsManager]  [classpath + loader.0] file:/Users/rob/dev/rebar-graph/.circleci/neo4j-community-3.4.7/lib/scala-reflect-2.11.12.jar
2018-10-08 17:37:22.844+0000 INFO [o.n.k.i.DiagnosticsManager]  [loader.1] file:/Library/Java/JavaVirtualMachines/jdk1.8.0_181.jdk/Contents/Home/jre/lib/ext/sunjce_provider.jar
2018-10-08 17:37:22.844+0000 INFO [o.n.k.i.DiagnosticsManager]  [classpath + loader.0] file:/Users/rob/dev/rebar-graph/.circleci/neo4j-community-3.4.7/lib/jetty-http-9.4.11.v20180605.jar
2018-10-08 17:37:22.844+0000 INFO [o.n.k.i.DiagnosticsManager]  [classpath + loader.0] file:/Users/rob/dev/rebar-graph/.circleci/neo4j-community-3.4.7/lib/neo4j-spatial-index-3.4.7.jar
2018-10-08 17:37:22.844+0000 INFO [o.n.k.i.DiagnosticsManager]  [classpath + loader.0] file:/Users/rob/dev/rebar-graph/.circleci/neo4j-community-3.4.7/lib/commons-lang-2.6.jar
2018-10-08 17:37:22.844+0000 INFO [o.n.k.i.DiagnosticsManager]  [classpath + loader.0] file:/Users/rob/dev/rebar-graph/.circleci/neo4j-community-3.4.7/lib/neo4j-cypher-logical-plans-3.4-3.4.7.jar
2018-10-08 17:37:22.844+0000 INFO [o.n.k.i.DiagnosticsManager]  [classpath + loader.0] file:/Users/rob/dev/rebar-graph/.circleci/neo4j-community-3.4.7/lib/neo4j-primitive-collections-3.4.7.jar
2018-10-08 17:37:22.844+0000 INFO [o.n.k.i.DiagnosticsManager]  [loader.1] file:/Library/Java/JavaVirtualMachines/jdk1.8.0_181.jdk/Contents/Home/jre/lib/ext/dnsns.jar
2018-10-08 17:37:22.844+0000 INFO [o.n.k.i.DiagnosticsManager]  [classpath + loader.0] file:/Users/rob/dev/rebar-graph/.circleci/neo4j-community-3.4.7/lib/neo4j-cypher-compiler-2.3-2.3.12.jar
2018-10-08 17:37:22.844+0000 INFO [o.n.k.i.DiagnosticsManager]  [classpath + loader.0] file:/Users/rob/dev/rebar-graph/.circleci/neo4j-community-3.4.7/lib/bcprov-jdk15on-1.59.jar
2018-10-08 17:37:22.844+0000 INFO [o.n.k.i.DiagnosticsManager]  [classpath + loader.0] file:/Users/rob/dev/rebar-graph/.circleci/neo4j-community-3.4.7/lib/neo4j-cypher-runtime-util-3.4.7.jar
2018-10-08 17:37:22.844+0000 INFO [o.n.k.i.DiagnosticsManager]  [classpath + loader.0] file:/Users/rob/dev/rebar-graph/.circleci/neo4j-community-3.4.7/lib/neo4j-graph-matching-3.1.9.jar
2018-10-08 17:37:22.844+0000 INFO [o.n.k.i.DiagnosticsManager]  [classpath + loader.0] file:/Users/rob/dev/rebar-graph/.circleci/neo4j-community-3.4.7/lib/neo4j-server-3.4.7.jar
2018-10-08 17:37:22.844+0000 INFO [o.n.k.i.DiagnosticsManager]  [classpath + loader.0] file:/Users/rob/dev/rebar-graph/.circleci/neo4j-community-3.4.7/lib/lucene-queryparser-5.5.5.jar
2018-10-08 17:37:22.844+0000 INFO [o.n.k.i.DiagnosticsManager]  [classpath + loader.0] file:/Users/rob/dev/rebar-graph/.circleci/neo4j-community-3.4.7/lib/commons-lang3-3.7.jar
2018-10-08 17:37:22.844+0000 INFO [o.n.k.i.DiagnosticsManager]  [classpath + loader.0] file:/Users/rob/dev/rebar-graph/.circleci/neo4j-community-3.4.7/lib/neo4j-configuration-3.4.7.jar
2018-10-08 17:37:22.844+0000 INFO [o.n.k.i.DiagnosticsManager]  [bootstrap] /Library/Java/JavaVirtualMachines/jdk1.8.0_181.jdk/Contents/Home/jre/lib/jfr.jar
2018-10-08 17:37:22.844+0000 INFO [o.n.k.i.DiagnosticsManager]  [classpath + loader.0] file:/Users/rob/dev/rebar-graph/.circleci/neo4j-community-3.4.7/lib/neo4j-cypher-frontend-2.3-2.3.12.jar
2018-10-08 17:37:22.844+0000 INFO [o.n.k.i.DiagnosticsManager]  [classpath + loader.0] file:/Users/rob/dev/rebar-graph/.circleci/neo4j-community-3.4.7/lib/openCypher-frontend-1-3.4.7.jar
2018-10-08 17:37:22.844+0000 INFO [o.n.k.i.DiagnosticsManager]  [classpath + loader.0] file:/Users/rob/dev/rebar-graph/.circleci/neo4j-community-3.4.7/lib/commons-io-2.6.jar
2018-10-08 17:37:22.844+0000 INFO [o.n.k.i.DiagnosticsManager]  [classpath + loader.0] file:/Users/rob/dev/rebar-graph/.circleci/neo4j-community-3.4.7/lib/commons-compress-1.16.1.jar
2018-10-08 17:37:22.844+0000 INFO [o.n.k.i.DiagnosticsManager]  [bootstrap] /Library/Java/JavaVirtualMachines/jdk1.8.0_181.jdk/Contents/Home/jre/lib/sunrsasign.jar
2018-10-08 17:37:22.844+0000 INFO [o.n.k.i.DiagnosticsManager]  [classpath + loader.0] file:/Users/rob/dev/rebar-graph/.circleci/neo4j-community-3.4.7/lib/jackson-core-asl-1.9.13.jar
2018-10-08 17:37:22.844+0000 INFO [o.n.k.i.DiagnosticsManager]  [classpath + loader.0] file:/Users/rob/dev/rebar-graph/.circleci/neo4j-community-3.4.7/lib/jackson-mapper-asl-1.9.13.jar
2018-10-08 17:37:22.844+0000 INFO [o.n.k.i.DiagnosticsManager]  [classpath + loader.0] file:/Users/rob/dev/rebar-graph/.circleci/neo4j-community-3.4.7/lib/concurrentlinkedhashmap-lru-1.4.2.jar
2018-10-08 17:37:22.844+0000 INFO [o.n.k.i.DiagnosticsManager]  [classpath + loader.0] file:/Users/rob/dev/rebar-graph/.circleci/neo4j-community-3.4.7/lib/jetty-server-9.4.11.v20180605.jar
2018-10-08 17:37:22.844+0000 INFO [o.n.k.i.DiagnosticsManager]  [classpath + loader.0] file:/Users/rob/dev/rebar-graph/.circleci/neo4j-community-3.4.7/lib/lucene-analyzers-common-5.5.5.jar
2018-10-08 17:37:22.844+0000 INFO [o.n.k.i.DiagnosticsManager]  [classpath + loader.0] file:/Users/rob/dev/rebar-graph/.circleci/neo4j-community-3.4.7/lib/jetty-webapp-9.4.11.v20180605.jar
2018-10-08 17:37:22.844+0000 INFO [o.n.k.i.DiagnosticsManager]  [classpath + loader.0] file:/Users/rob/dev/rebar-graph/.circleci/neo4j-community-3.4.7/lib/neo4j-io-3.4.7.jar
2018-10-08 17:37:22.844+0000 INFO [o.n.k.i.DiagnosticsManager]  [classpath + loader.0] file:/Users/rob/dev/rebar-graph/.circleci/neo4j-community-3.4.7/lib/neo4j-shell-3.4.7.jar
2018-10-08 17:37:22.844+0000 INFO [o.n.k.i.DiagnosticsManager]  [bootstrap] /Library/Java/JavaVirtualMachines/jdk1.8.0_181.jdk/Contents/Home/jre/lib/jsse.jar
2018-10-08 17:37:22.844+0000 INFO [o.n.k.i.DiagnosticsManager]  [classpath + loader.0] file:/Users/rob/dev/rebar-graph/.circleci/neo4j-community-3.4.7/lib/neo4j-cypher-frontend-3.3-3.3.6.jar
2018-10-08 17:37:22.844+0000 INFO [o.n.k.i.DiagnosticsManager]  [classpath + loader.0] file:/Users/rob/dev/rebar-graph/.circleci/neo4j-community-3.4.7/lib/caffeine-2.6.2.jar
2018-10-08 17:37:22.844+0000 INFO [o.n.k.i.DiagnosticsManager]  [classpath + loader.0] file:/Users/rob/dev/rebar-graph/.circleci/neo4j-community-3.4.7/lib/neo4j-consistency-check-3.4.7.jar
2018-10-08 17:37:22.844+0000 INFO [o.n.k.i.DiagnosticsManager]  [classpath + loader.0] file:/Users/rob/dev/rebar-graph/.circleci/neo4j-community-3.4.7/lib/jPowerShell-1.9.jar
2018-10-08 17:37:22.844+0000 INFO [o.n.k.i.DiagnosticsManager]  [classpath + loader.0] file:/Users/rob/dev/rebar-graph/.circleci/neo4j-community-3.4.7/lib/neo4j-procedure-api-3.4.7.jar
2018-10-08 17:37:22.844+0000 INFO [o.n.k.i.DiagnosticsManager]  [classpath + loader.0] file:/Users/rob/dev/rebar-graph/.circleci/neo4j-community-3.4.7/plugins/*
2018-10-08 17:37:22.844+0000 INFO [o.n.k.i.DiagnosticsManager]  [classpath + loader.0] file:/Users/rob/dev/rebar-graph/.circleci/neo4j-community-3.4.7/lib/neo4j-logging-3.4.7.jar
2018-10-08 17:37:22.844+0000 INFO [o.n.k.i.DiagnosticsManager]  [bootstrap] /Library/Java/JavaVirtualMachines/jdk1.8.0_181.jdk/Contents/Home/jre/classes
2018-10-08 17:37:22.844+0000 INFO [o.n.k.i.DiagnosticsManager]  [classpath + loader.0] file:/Users/rob/dev/rebar-graph/.circleci/neo4j-community-3.4.7/lib/neo4j-graph-algo-3.4.7.jar
2018-10-08 17:37:22.844+0000 INFO [o.n.k.i.DiagnosticsManager]  [classpath + loader.0] file:/Users/rob/dev/rebar-graph/.circleci/neo4j-community-3.4.7/lib/WMI4Java-1.6.1.jar
2018-10-08 17:37:22.844+0000 INFO [o.n.k.i.DiagnosticsManager]  [classpath + loader.0] file:/Users/rob/dev/rebar-graph/.circleci/neo4j-community-3.4.7/lib/neo4j-unsafe-3.4.7.jar
2018-10-08 17:37:22.844+0000 INFO [o.n.k.i.DiagnosticsManager]  [classpath + loader.0] file:/Users/rob/dev/rebar-graph/.circleci/neo4j-community-3.4.7/lib/neo4j-cypher-interpreted-runtime-3.4.7.jar
2018-10-08 17:37:22.844+0000 INFO [o.n.k.i.DiagnosticsManager]  [bootstrap] /Library/Java/JavaVirtualMachines/jdk1.8.0_181.jdk/Contents/Home/jre/lib/jce.jar
2018-10-08 17:37:22.844+0000 INFO [o.n.k.i.DiagnosticsManager]  [classpath + loader.0] file:/Users/rob/dev/rebar-graph/.circleci/neo4j-community-3.4.7/lib/neo4j-collections-3.4.7.jar
2018-10-08 17:37:22.844+0000 INFO [o.n.k.i.DiagnosticsManager]  [classpath + loader.0] file:/Users/rob/dev/rebar-graph/.circleci/neo4j-community-3.4.7/lib/neo4j-cypher-planner-spi-3.4-3.4.7.jar
2018-10-08 17:37:22.844+0000 INFO [o.n.k.i.DiagnosticsManager]  [classpath + loader.0] file:/Users/rob/dev/rebar-graph/.circleci/neo4j-community-3.4.7/lib/neo4j-cypher-ir-3.4-3.4.7.jar
2018-10-08 17:37:22.844+0000 INFO [o.n.k.i.DiagnosticsManager]  [classpath + loader.0] file:/Users/rob/dev/rebar-graph/.circleci/neo4j-community-3.4.7/lib/jetty-xml-9.4.11.v20180605.jar
2018-10-08 17:37:22.844+0000 INFO [o.n.k.i.DiagnosticsManager]  [classpath + loader.0] file:/Users/rob/dev/rebar-graph/.circleci/neo4j-community-3.4.7/lib/opencsv-2.3.jar
2018-10-08 17:37:22.844+0000 INFO [o.n.k.i.DiagnosticsManager]  [classpath + loader.0] file:/Users/rob/dev/rebar-graph/.circleci/neo4j-community-3.4.7/lib/neo4j-values-3.4.7.jar
2018-10-08 17:37:22.844+0000 INFO [o.n.k.i.DiagnosticsManager]  [classpath + loader.0] file:/Users/rob/dev/rebar-graph/.circleci/neo4j-community-3.4.7/lib/neo4j-browser-3.2.5.jar
2018-10-08 17:37:22.844+0000 INFO [o.n.k.i.DiagnosticsManager]  [classpath + loader.0] file:/Users/rob/dev/rebar-graph/.circleci/neo4j-community-3.4.7/lib/bcpkix-jdk15on-1.59.jar
2018-10-08 17:37:22.845+0000 INFO [o.n.k.i.DiagnosticsManager]  [classpath + loader.0] file:/Users/rob/dev/rebar-graph/.circleci/neo4j-community-3.4.7/lib/neo4j-cypher-compiler-3.3-3.3.6.jar
2018-10-08 17:37:22.845+0000 INFO [o.n.k.i.DiagnosticsManager]  [classpath + loader.0] file:/Users/rob/dev/rebar-graph/.circleci/neo4j-community-3.4.7/lib/commons-configuration-1.10.jar
2018-10-08 17:37:22.845+0000 INFO [o.n.k.i.DiagnosticsManager]  [classpath + loader.0] file:/Users/rob/dev/rebar-graph/.circleci/neo4j-community-3.4.7/lib/neo4j-lucene-upgrade-3.4.7.jar
2018-10-08 17:37:22.845+0000 INFO [o.n.k.i.DiagnosticsManager]  [classpath + loader.0] file:/Users/rob/dev/rebar-graph/.circleci/neo4j-community-3.4.7/lib/jProcesses-1.6.4.jar
2018-10-08 17:37:22.845+0000 INFO [o.n.k.i.DiagnosticsManager]  [loader.1] file:/Library/Java/JavaVirtualMachines/jdk1.8.0_181.jdk/Contents/Home/jre/lib/ext/localedata.jar
2018-10-08 17:37:22.845+0000 INFO [o.n.k.i.DiagnosticsManager]  [classpath + loader.0] file:/Users/rob/dev/rebar-graph/.circleci/neo4j-community-3.4.7/lib/neo4j-cypher-planner-3.4-3.4.7.jar
2018-10-08 17:37:22.845+0000 INFO [o.n.k.i.DiagnosticsManager]  [classpath + loader.0] file:/Users/rob/dev/rebar-graph/.circleci/neo4j-community-3.4.7/lib/neo4j-cypher-compiler-3.1-3.1.9.jar
2018-10-08 17:37:22.845+0000 INFO [o.n.k.i.DiagnosticsManager]  [loader.1] file:/Library/Java/JavaVirtualMachines/jdk1.8.0_181.jdk/Contents/Home/jre/lib/ext/sunpkcs11.jar
2018-10-08 17:37:22.845+0000 INFO [o.n.k.i.DiagnosticsManager]  [classpath + loader.0] file:/Library/Java/JavaVirtualMachines/jdk1.8.0_181.jdk/Contents/Home/lib/tools.jar
2018-10-08 17:37:22.845+0000 INFO [o.n.k.i.DiagnosticsManager]  [classpath + loader.0] file:/Users/rob/dev/rebar-graph/.circleci/neo4j-community-3.4.7/lib/neo4j-common-3.4.7.jar
2018-10-08 17:37:22.845+0000 INFO [o.n.k.i.DiagnosticsManager]  [classpath + loader.0] file:/Users/rob/dev/rebar-graph/.circleci/neo4j-community-3.4.7/lib/neo4j-index-3.4.7.jar
2018-10-08 17:37:22.845+0000 INFO [o.n.k.i.DiagnosticsManager]  [classpath + loader.0] file:/Users/rob/dev/rebar-graph/.circleci/neo4j-community-3.4.7/lib/server-api-3.4.7.jar
2018-10-08 17:37:22.845+0000 INFO [o.n.k.i.DiagnosticsManager]  [classpath + loader.0] file:/Users/rob/dev/rebar-graph/.circleci/neo4j-community-3.4.7/lib/neo4j-cypher-frontend-3.1-3.1.9.jar
2018-10-08 17:37:22.845+0000 INFO [o.n.k.i.DiagnosticsManager]  [classpath + loader.0] file:/Users/rob/dev/rebar-graph/.circleci/neo4j-community-3.4.7/conf/
2018-10-08 17:37:22.845+0000 INFO [o.n.k.i.DiagnosticsManager]  [classpath + loader.0] file:/Users/rob/dev/rebar-graph/.circleci/neo4j-community-3.4.7/lib/commons-logging-1.1.1.jar
2018-10-08 17:37:22.845+0000 INFO [o.n.k.i.DiagnosticsManager]  [classpath + loader.0] file:/Users/rob/dev/rebar-graph/.circleci/neo4j-community-3.4.7/lib/jetty-servlet-9.4.11.v20180605.jar
2018-10-08 17:37:22.845+0000 INFO [o.n.k.i.DiagnosticsManager]  [classpath + loader.0] file:/Users/rob/dev/rebar-graph/.circleci/neo4j-community-3.4.7/lib/jetty-security-9.4.11.v20180605.jar
2018-10-08 17:37:22.845+0000 INFO [o.n.k.i.DiagnosticsManager]  [classpath + loader.0] file:/Users/rob/dev/rebar-graph/.circleci/neo4j-community-3.4.7/lib/neo4j-graphdb-api-3.4.7.jar
2018-10-08 17:37:22.845+0000 INFO [o.n.k.i.DiagnosticsManager]  [classpath + loader.0] file:/Users/rob/dev/rebar-graph/.circleci/neo4j-community-3.4.7/lib/jetty-util-9.4.11.v20180605.jar
2018-10-08 17:37:22.845+0000 INFO [o.n.k.i.DiagnosticsManager]  [loader.1] file:/Library/Java/JavaVirtualMachines/jdk1.8.0_181.jdk/Contents/Home/jre/lib/ext/sunec.jar
2018-10-08 17:37:22.845+0000 INFO [o.n.k.i.DiagnosticsManager]  [classpath + loader.0] file:/Users/rob/dev/rebar-graph/.circleci/neo4j-community-3.4.7/lib/neo4j-lucene-index-3.4.7.jar
2018-10-08 17:37:22.845+0000 INFO [o.n.k.i.DiagnosticsManager]  [loader.1] file:/Library/Java/JavaVirtualMachines/jdk1.8.0_181.jdk/Contents/Home/jre/lib/ext/cldrdata.jar
2018-10-08 17:37:22.845+0000 INFO [o.n.k.i.DiagnosticsManager]  [classpath + loader.0] file:/Users/rob/dev/rebar-graph/.circleci/neo4j-community-3.4.7/lib/neo4j-security-3.4.7.jar
2018-10-08 17:37:22.845+0000 INFO [o.n.k.i.DiagnosticsManager]  [classpath + loader.0] file:/Users/rob/dev/rebar-graph/.circleci/neo4j-community-3.4.7/lib/parboiled-core-1.1.7.jar
2018-10-08 17:37:22.845+0000 INFO [o.n.k.i.DiagnosticsManager]  [classpath + loader.0] file:/Users/rob/dev/rebar-graph/.circleci/neo4j-community-3.4.7/lib/neo4j-cypher-3.4.7.jar
2018-10-08 17:37:22.845+0000 INFO [o.n.k.i.DiagnosticsManager]  [classpath + loader.0] file:/Users/rob/dev/rebar-graph/.circleci/neo4j-community-3.4.7/lib/jersey-core-1.19.3.jar
2018-10-08 17:37:22.845+0000 INFO [o.n.k.i.DiagnosticsManager]  [classpath + loader.0] file:/Users/rob/dev/rebar-graph/.circleci/neo4j-community-3.4.7/lib/neo4j-kernel-3.4.7.jar
2018-10-08 17:37:22.845+0000 INFO [o.n.k.i.DiagnosticsManager]  [loader.1] file:/System/Library/Java/Extensions/MRJToolkit.jar
2018-10-08 17:37:22.845+0000 INFO [o.n.k.i.DiagnosticsManager]  [classpath + loader.0] file:/Users/rob/dev/rebar-graph/.circleci/neo4j-community-3.4.7/lib/neo4j-kernel-api-3.4.7.jar
2018-10-08 17:37:22.845+0000 INFO [o.n.k.i.DiagnosticsManager]  [classpath + loader.0] file:/Users/rob/dev/rebar-graph/.circleci/neo4j-community-3.4.7/lib/jetty-io-9.4.11.v20180605.jar
2018-10-08 17:37:22.845+0000 INFO [o.n.k.i.DiagnosticsManager]  [classpath + loader.0] file:/Users/rob/dev/rebar-graph/.circleci/neo4j-community-3.4.7/lib/neo4j-command-line-3.4.7.jar
2018-10-08 17:37:22.845+0000 INFO [o.n.k.i.DiagnosticsManager]  [bootstrap] /Library/Java/JavaVirtualMachines/jdk1.8.0_181.jdk/Contents/Home/jre/lib/charsets.jar
2018-10-08 17:37:22.845+0000 INFO [o.n.k.i.DiagnosticsManager]  [classpath + loader.0] file:/Users/rob/dev/rebar-graph/.circleci/neo4j-community-3.4.7/lib/neo4j-udc-3.4.7.jar
2018-10-08 17:37:22.845+0000 INFO [o.n.k.i.DiagnosticsManager]  [classpath + loader.0] file:/Users/rob/dev/rebar-graph/.circleci/neo4j-community-3.4.7/lib/lucene-core-5.5.5.jar
2018-10-08 17:37:22.845+0000 INFO [o.n.k.i.DiagnosticsManager]  [classpath + loader.0] file:/Users/rob/dev/rebar-graph/.circleci/neo4j-community-3.4.7/lib/neo4j-dbms-3.4.7.jar
2018-10-08 17:37:22.845+0000 INFO [o.n.k.i.DiagnosticsManager]  [loader.1] file:/Library/Java/JavaVirtualMachines/jdk1.8.0_181.jdk/Contents/Home/jre/lib/ext/zipfs.jar
2018-10-08 17:37:22.845+0000 INFO [o.n.k.i.DiagnosticsManager]  [loader.1] file:/Library/Java/JavaVirtualMachines/jdk1.8.0_181.jdk/Contents/Home/jre/lib/ext/jfxrt.jar
2018-10-08 17:37:22.845+0000 INFO [o.n.k.i.DiagnosticsManager]  [classpath + loader.0] file:/Users/rob/dev/rebar-graph/.circleci/neo4j-community-3.4.7/lib/neo4j-codegen-3.4.7.jar
2018-10-08 17:37:22.845+0000 INFO [o.n.k.i.DiagnosticsManager]  [classpath + loader.0] file:/Users/rob/dev/rebar-graph/.circleci/neo4j-community-3.4.7/lib/neo4j-cypher-util-3.4-3.4.7.jar
2018-10-08 17:37:22.845+0000 INFO [o.n.k.i.DiagnosticsManager]  [bootstrap] /Library/Java/JavaVirtualMachines/jdk1.8.0_181.jdk/Contents/Home/jre/lib/rt.jar
2018-10-08 17:37:22.845+0000 INFO [o.n.k.i.DiagnosticsManager]  [classpath + loader.0] file:/Users/rob/dev/rebar-graph/.circleci/neo4j-community-3.4.7/lib/netty-all-4.1.24.Final.jar
2018-10-08 17:37:22.845+0000 INFO [o.n.k.i.DiagnosticsManager]  [loader.1] file:/Library/Java/JavaVirtualMachines/jdk1.8.0_181.jdk/Contents/Home/jre/lib/ext/jaccess.jar
2018-10-08 17:37:22.845+0000 INFO [o.n.k.i.DiagnosticsManager]  [classpath + loader.0] file:/Users/rob/dev/rebar-graph/.circleci/neo4j-community-3.4.7/lib/jersey-servlet-1.19.3.jar
2018-10-08 17:37:22.845+0000 INFO [o.n.k.i.DiagnosticsManager]  [classpath + loader.0] file:/Users/rob/dev/rebar-graph/.circleci/neo4j-community-3.4.7/lib/neo4j-resource-3.4.7.jar
2018-10-08 17:37:22.845+0000 INFO [o.n.k.i.DiagnosticsManager]  [classpath + loader.0] file:/Users/rob/dev/rebar-graph/.circleci/neo4j-community-3.4.7/lib/jsr311-api-1.1.2.r612.jar
2018-10-08 17:37:22.845+0000 INFO [o.n.k.i.DiagnosticsManager]  [classpath + loader.0] file:/Users/rob/dev/rebar-graph/.circleci/neo4j-community-3.4.7/lib/scala-library-2.11.12.jar
2018-10-08 17:37:22.845+0000 INFO [o.n.k.i.DiagnosticsManager]  [classpath + loader.0] file:/Users/rob/dev/rebar-graph/.circleci/neo4j-community-3.4.7/lib/lucene-codecs-5.5.5.jar
2018-10-08 17:37:22.845+0000 INFO [o.n.k.i.DiagnosticsManager]  [loader.1] file:/Library/Java/JavaVirtualMachines/jdk1.8.0_181.jdk/Contents/Home/jre/lib/ext/nashorn.jar
2018-10-08 17:37:22.845+0000 INFO [o.n.k.i.DiagnosticsManager]  [classpath + loader.0] file:/Users/rob/dev/rebar-graph/.circleci/neo4j-community-3.4.7/lib/rhino-1.7.9.jar
2018-10-08 17:37:22.845+0000 INFO [o.n.k.i.DiagnosticsManager]  [classpath + loader.0] file:/Users/rob/dev/rebar-graph/.circleci/neo4j-community-3.4.7/lib/neo4j-ssl-3.4.7.jar
2018-10-08 17:37:22.845+0000 INFO [o.n.k.i.DiagnosticsManager]  [classpath + loader.0] file:/Users/rob/dev/rebar-graph/.circleci/neo4j-community-3.4.7/lib/neo4j-cypher-ir-3.3-3.3.6.jar
2018-10-08 17:37:22.845+0000 INFO [o.n.k.i.DiagnosticsManager]  [classpath + loader.0] file:/Users/rob/dev/rebar-graph/.circleci/neo4j-community-3.4.7/lib/jersey-server-1.19.3.jar
2018-10-08 17:37:22.845+0000 INFO [o.n.k.i.DiagnosticsManager]  [classpath + loader.0] file:/Users/rob/dev/rebar-graph/.circleci/neo4j-community-3.4.7/lib/jline-2.12.jar
2018-10-08 17:37:22.845+0000 INFO [o.n.k.i.DiagnosticsManager]  [classpath + loader.0] file:/Users/rob/dev/rebar-graph/.circleci/neo4j-community-3.4.7/lib/neo4j-cypher-expression-3.4-3.4.7.jar
2018-10-08 17:37:22.845+0000 INFO [o.n.k.i.DiagnosticsManager]  [classpath + loader.0] file:/Users/rob/dev/rebar-graph/.circleci/neo4j-community-3.4.7/lib/commons-text-1.3.jar
2018-10-08 17:37:22.845+0000 INFO [o.n.k.i.DiagnosticsManager]  [classpath + loader.0] file:/Users/rob/dev/rebar-graph/.circleci/neo4j-community-3.4.7/lib/neo4j-import-tool-3.4.7.jar
2018-10-08 17:37:22.845+0000 INFO [o.n.k.i.DiagnosticsManager]  [classpath + loader.0] file:/Users/rob/dev/rebar-graph/.circleci/neo4j-community-3.4.7/lib/neo4j-csv-3.4.7.jar
2018-10-08 17:37:22.845+0000 INFO [o.n.k.i.DiagnosticsManager]  [classpath + loader.0] file:/Users/rob/dev/rebar-graph/.circleci/neo4j-community-3.4.7/lib/javax.servlet-api-3.1.0.jar
2018-10-08 17:37:22.845+0000 INFO [o.n.k.i.DiagnosticsManager]  [classpath + loader.0] file:/Users/rob/dev/rebar-graph/.circleci/neo4j-community-3.4.7/plugins/
2018-10-08 17:37:22.845+0000 INFO [o.n.k.i.DiagnosticsManager]  [classpath + loader.0] file:/Users/rob/dev/rebar-graph/.circleci/neo4j-community-3.4.7/lib/neo4j-bolt-3.4.7.jar
2018-10-08 17:37:22.845+0000 INFO [o.n.k.i.DiagnosticsManager]  [classpath + loader.0] file:/Users/rob/dev/rebar-graph/.circleci/neo4j-community-3.4.7/lib/neo4j-cypher-logical-plans-3.3-3.3.6.jar
2018-10-08 17:37:22.845+0000 INFO [o.n.k.i.DiagnosticsManager]  [classpath + loader.0] file:/Users/rob/dev/rebar-graph/.circleci/neo4j-community-3.4.7/lib/parboiled-scala_2.11-1.1.7.jar
2018-10-08 17:37:22.846+0000 INFO [o.n.k.i.DiagnosticsManager]  [bootstrap] /Library/Java/JavaVirtualMachines/jdk1.8.0_181.jdk/Contents/Home/jre/lib/resources.jar
2018-10-08 17:37:22.846+0000 INFO [o.n.k.i.DiagnosticsManager] Library path:
2018-10-08 17:37:22.846+0000 INFO [o.n.k.i.DiagnosticsManager] /Users/rob/Library/Java/Extensions
2018-10-08 17:37:22.846+0000 INFO [o.n.k.i.DiagnosticsManager] /Library/Java/Extensions
2018-10-08 17:37:22.846+0000 INFO [o.n.k.i.DiagnosticsManager] /Network/Library/Java/Extensions
2018-10-08 17:37:22.846+0000 INFO [o.n.k.i.DiagnosticsManager] /System/Library/Java/Extensions
2018-10-08 17:37:22.846+0000 INFO [o.n.k.i.DiagnosticsManager] /usr/lib/java
2018-10-08 17:37:22.846+0000 INFO [o.n.k.i.DiagnosticsManager] /Users/rob/dev/rebar-graph/.circleci/neo4j-community-3.4.7
2018-10-08 17:37:22.846+0000 INFO [o.n.k.i.DiagnosticsManager] System.properties:
2018-10-08 17:37:22.846+0000 INFO [o.n.k.i.DiagnosticsManager] sun.boot.library.path = /Library/Java/JavaVirtualMachines/jdk1.8.0_181.jdk/Contents/Home/jre/lib
2018-10-08 17:37:22.846+0000 INFO [o.n.k.i.DiagnosticsManager] jdk.tls.rejectClientInitiatedRenegotiation = true
2018-10-08 17:37:22.846+0000 INFO [o.n.k.i.DiagnosticsManager] gopherProxySet = false
2018-10-08 17:37:22.846+0000 INFO [o.n.k.i.DiagnosticsManager] path.separator = :
2018-10-08 17:37:22.846+0000 INFO [o.n.k.i.DiagnosticsManager] file.encoding.pkg = sun.io
2018-10-08 17:37:22.846+0000 INFO [o.n.k.i.DiagnosticsManager] user.country = US
2018-10-08 17:37:22.846+0000 INFO [o.n.k.i.DiagnosticsManager] sun.java.launcher = SUN_STANDARD
2018-10-08 17:37:22.846+0000 INFO [o.n.k.i.DiagnosticsManager] sun.os.patch.level = unknown
2018-10-08 17:37:22.846+0000 INFO [o.n.k.i.DiagnosticsManager] user.dir = /Users/rob/dev/rebar-graph/.circleci/neo4j-community-3.4.7
2018-10-08 17:37:22.846+0000 INFO [o.n.k.i.DiagnosticsManager] sun.jnu.encoding = UTF-8
2018-10-08 17:37:22.846+0000 INFO [o.n.k.i.DiagnosticsManager] jetty.git.hash = d5fc0523cfa96bfebfbda19606cad384d772f04c
2018-10-08 17:37:22.846+0000 INFO [o.n.k.i.DiagnosticsManager] sun.nio.ch.bugLevel = 
2018-10-08 17:37:22.846+0000 INFO [o.n.k.i.DiagnosticsManager] unsupported.dbms.udc.source = tarball
2018-10-08 17:37:22.846+0000 INFO [o.n.k.i.DiagnosticsManager] sun.management.compiler = HotSpot 64-Bit Tiered Compilers
2018-10-08 17:37:22.846+0000 INFO [o.n.k.i.DiagnosticsManager] http.nonProxyHosts = local|*.local|169.254/16|*.169.254/16
2018-10-08 17:37:22.846+0000 INFO [o.n.k.i.DiagnosticsManager] user.home = /Users/rob
2018-10-08 17:37:22.846+0000 INFO [o.n.k.i.DiagnosticsManager] user.timezone = America/Los_Angeles
2018-10-08 17:37:22.846+0000 INFO [o.n.k.i.DiagnosticsManager] file.encoding = UTF-8
2018-10-08 17:37:22.846+0000 INFO [o.n.k.i.DiagnosticsManager] user.name = rob
2018-10-08 17:37:22.846+0000 INFO [o.n.k.i.DiagnosticsManager] sun.java.command = org.neo4j.server.CommunityEntryPoint --home-dir=/Users/rob/dev/rebar-graph/.circleci/neo4j-community-3.4.7 --config-dir=/Users/rob/dev/rebar-graph/.circleci/neo4j-community-3.4.7/conf
2018-10-08 17:37:22.846+0000 INFO [o.n.k.i.DiagnosticsManager] sun.arch.data.model = 64
2018-10-08 17:37:22.846+0000 INFO [o.n.k.i.DiagnosticsManager] user.language = en
2018-10-08 17:37:22.846+0000 INFO [o.n.k.i.DiagnosticsManager] awt.toolkit = sun.lwawt.macosx.LWCToolkit
2018-10-08 17:37:22.846+0000 INFO [o.n.k.i.DiagnosticsManager] jdk.tls.ephemeralDHKeySize = 2048
2018-10-08 17:37:22.846+0000 INFO [o.n.k.i.DiagnosticsManager] file.separator = /
2018-10-08 17:37:22.846+0000 INFO [o.n.k.i.DiagnosticsManager] sun.io.unicode.encoding = UnicodeBig
2018-10-08 17:37:22.846+0000 INFO [o.n.k.i.DiagnosticsManager] sun.cpu.endian = little
2018-10-08 17:37:22.846+0000 INFO [o.n.k.i.DiagnosticsManager] socksNonProxyHosts = local|*.local|169.254/16|*.169.254/16
2018-10-08 17:37:22.846+0000 INFO [o.n.k.i.DiagnosticsManager] ftp.nonProxyHosts = local|*.local|169.254/16|*.169.254/16
2018-10-08 17:37:22.846+0000 INFO [o.n.k.i.DiagnosticsManager] sun.cpu.isalist = 
2018-10-08 17:37:22.846+0000 INFO [o.n.k.i.DiagnosticsManager] (IANA) TimeZone Database Version:
2018-10-08 17:37:22.847+0000 INFO [o.n.k.i.DiagnosticsManager]   TimeZone version: 2018e (available for 599 zone identifiers)
2018-10-08 17:37:22.847+0000 INFO [o.n.k.i.DiagnosticsManager] Network information:
2018-10-08 17:37:22.848+0000 INFO [o.n.k.i.DiagnosticsManager] Interface en5:
2018-10-08 17:37:22.848+0000 INFO [o.n.k.i.DiagnosticsManager]     address: fe80:0:0:0:aede:48ff:fe00:1122%en5
2018-10-08 17:37:22.848+0000 INFO [o.n.k.i.DiagnosticsManager] Interface utun1:
2018-10-08 17:37:22.848+0000 INFO [o.n.k.i.DiagnosticsManager]     address: fe80:0:0:0:3012:61cd:6d4a:b30a%utun1
2018-10-08 17:37:22.848+0000 INFO [o.n.k.i.DiagnosticsManager] Interface utun0:
2018-10-08 17:37:22.848+0000 INFO [o.n.k.i.DiagnosticsManager]     address: fe80:0:0:0:efef:64d3:6560:5b6c%utun0
2018-10-08 17:37:22.848+0000 INFO [o.n.k.i.DiagnosticsManager] Interface awdl0:
2018-10-08 17:37:22.848+0000 INFO [o.n.k.i.DiagnosticsManager]     address: fe80:0:0:0:d0cf:74ff:fe7f:2138%awdl0
2018-10-08 17:37:22.848+0000 INFO [o.n.k.i.DiagnosticsManager] Interface utun2:
2018-10-08 17:37:22.848+0000 INFO [o.n.k.i.DiagnosticsManager]     address: 172.27.232.18
2018-10-08 17:37:22.848+0000 INFO [o.n.k.i.DiagnosticsManager] Interface en0:
2018-10-08 17:37:22.848+0000 INFO [o.n.k.i.DiagnosticsManager]     address: 2601:643:8500:7b05:d0fa:dd76:8fa:37f0%en0
2018-10-08 17:37:22.848+0000 INFO [o.n.k.i.DiagnosticsManager]     address: 2601:643:8500:7b05:84a:1bc5:1062:a9d0%en0
2018-10-08 17:37:22.848+0000 INFO [o.n.k.i.DiagnosticsManager]     address: fe80:0:0:0:180f:6a2b:f99a:3227%en0
2018-10-08 17:37:22.848+0000 INFO [o.n.k.i.DiagnosticsManager]     address: 192.168.20.111
2018-10-08 17:37:22.848+0000 INFO [o.n.k.i.DiagnosticsManager] Interface lo0:
2018-10-08 17:37:22.848+0000 INFO [o.n.k.i.DiagnosticsManager]     address: fe80:0:0:0:0:0:0:1%lo0
2018-10-08 17:37:22.848+0000 INFO [o.n.k.i.DiagnosticsManager]     address: 0:0:0:0:0:0:0:1%lo0
2018-10-08 17:37:22.848+0000 INFO [o.n.k.i.DiagnosticsManager]     address: 127.94.0.2
2018-10-08 17:37:22.848+0000 INFO [o.n.k.i.DiagnosticsManager]     address: 127.94.0.1
2018-10-08 17:37:22.848+0000 INFO [o.n.k.i.DiagnosticsManager]     address: 127.0.0.1
2018-10-08 17:37:22.848+0000 INFO [o.n.k.i.DiagnosticsManager] Store versions:
2018-10-08 17:37:22.848+0000 INFO [o.n.k.i.DiagnosticsManager] Store versions:
2018-10-08 17:37:22.848+0000 INFO [o.n.k.i.DiagnosticsManager]   ArrayPropertyStore v0.A.9
2018-10-08 17:37:22.848+0000 INFO [o.n.k.i.DiagnosticsManager]   NodeStore v0.A.9
2018-10-08 17:37:22.848+0000 INFO [o.n.k.i.DiagnosticsManager]   StringPropertyStore v0.A.9
2018-10-08 17:37:22.849+0000 INFO [o.n.k.i.DiagnosticsManager]   PropertyIndexStore v0.A.9
2018-10-08 17:37:22.849+0000 INFO [o.n.k.i.DiagnosticsManager]   StringPropertyStore v0.A.9
2018-10-08 17:37:22.849+0000 INFO [o.n.k.i.DiagnosticsManager]   ArrayPropertyStore v0.A.9
2018-10-08 17:37:22.849+0000 INFO [o.n.k.i.DiagnosticsManager]   PropertyStore v0.A.9
2018-10-08 17:37:22.849+0000 INFO [o.n.k.i.DiagnosticsManager]   RelationshipStore v0.A.9
2018-10-08 17:37:22.849+0000 INFO [o.n.k.i.DiagnosticsManager]   StringPropertyStore v0.A.9
2018-10-08 17:37:22.849+0000 INFO [o.n.k.i.DiagnosticsManager]   RelationshipTypeStore v0.A.9
2018-10-08 17:37:22.849+0000 INFO [o.n.k.i.DiagnosticsManager]   StringPropertyStore v0.A.9
2018-10-08 17:37:22.849+0000 INFO [o.n.k.i.DiagnosticsManager]   LabelTokenStore v0.A.9
2018-10-08 17:37:22.849+0000 INFO [o.n.k.i.DiagnosticsManager]   SchemaStore v0.A.9
2018-10-08 17:37:22.849+0000 INFO [o.n.k.i.DiagnosticsManager]   RelationshipGroupStore v0.A.9
2018-10-08 17:37:22.849+0000 INFO [o.n.k.i.DiagnosticsManager]   NeoStore v0.A.9
2018-10-08 17:37:22.849+0000 INFO [o.n.k.i.DiagnosticsManager] Id usage:
2018-10-08 17:37:22.849+0000 INFO [o.n.k.i.DiagnosticsManager] Id usage:
2018-10-08 17:37:22.849+0000 INFO [o.n.k.i.DiagnosticsManager]   ArrayPropertyStore: used=1 high=0
2018-10-08 17:37:22.849+0000 INFO [o.n.k.i.DiagnosticsManager]   NodeStore: used=0 high=-1
2018-10-08 17:37:22.849+0000 INFO [o.n.k.i.DiagnosticsManager]   StringPropertyStore: used=1 high=0
2018-10-08 17:37:22.849+0000 INFO [o.n.k.i.DiagnosticsManager]   PropertyIndexStore: used=0 high=-1
2018-10-08 17:37:22.849+0000 INFO [o.n.k.i.DiagnosticsManager]   StringPropertyStore: used=1 high=0
2018-10-08 17:37:22.849+0000 INFO [o.n.k.i.DiagnosticsManager]   ArrayPropertyStore: used=1 high=0
2018-10-08 17:37:22.849+0000 INFO [o.n.k.i.DiagnosticsManager]   PropertyStore: used=0 high=-1
2018-10-08 17:37:22.849+0000 INFO [o.n.k.i.DiagnosticsManager]   RelationshipStore: used=0 high=-1
2018-10-08 17:37:22.849+0000 INFO [o.n.k.i.DiagnosticsManager]   StringPropertyStore: used=1 high=0
2018-10-08 17:37:22.849+0000 INFO [o.n.k.i.DiagnosticsManager]   RelationshipTypeStore: used=0 high=-1
2018-10-08 17:37:22.849+0000 INFO [o.n.k.i.DiagnosticsManager]   StringPropertyStore: used=1 high=0
2018-10-08 17:37:22.849+0000 INFO [o.n.k.i.DiagnosticsManager]   LabelTokenStore: used=0 high=-1
2018-10-08 17:37:22.849+0000 INFO [o.n.k.i.DiagnosticsManager]   SchemaStore: used=1 high=0
2018-10-08 17:37:22.849+0000 INFO [o.n.k.i.DiagnosticsManager]   RelationshipGroupStore: used=1 high=0
2018-10-08 17:37:22.849+0000 INFO [o.n.k.i.DiagnosticsManager]   NeoStore: used=15 high=14
2018-10-08 17:37:22.849+0000 INFO [o.n.k.i.DiagnosticsManager] Neostore records:
2018-10-08 17:37:22.849+0000 INFO [o.n.k.i.DiagnosticsManager] TIME (Creation time): 1539014908552
2018-10-08 17:37:22.849+0000 INFO [o.n.k.i.DiagnosticsManager] RANDOM_NUMBER (Random number for store id): -7440048082398005642
2018-10-08 17:37:22.849+0000 INFO [o.n.k.i.DiagnosticsManager] LOG_VERSION (Current log version): 0
2018-10-08 17:37:22.849+0000 INFO [o.n.k.i.DiagnosticsManager] LAST_TRANSACTION_ID (Last committed transaction): 1
2018-10-08 17:37:22.849+0000 INFO [o.n.k.i.DiagnosticsManager] STORE_VERSION (Store format version): 16094931155187206
2018-10-08 17:37:22.849+0000 INFO [o.n.k.i.DiagnosticsManager] FIRST_GRAPH_PROPERTY (First property record containing graph properties): -1
2018-10-08 17:37:22.849+0000 INFO [o.n.k.i.DiagnosticsManager] LAST_CONSTRAINT_TRANSACTION (Last committed transaction containing constraint changes): 0
2018-10-08 17:37:22.850+0000 INFO [o.n.k.i.DiagnosticsManager] UPGRADE_TRANSACTION_ID (Transaction id most recent upgrade was performed at): 1
2018-10-08 17:37:22.850+0000 INFO [o.n.k.i.DiagnosticsManager] UPGRADE_TIME (Time of last upgrade): 1539014908552
2018-10-08 17:37:22.850+0000 INFO [o.n.k.i.DiagnosticsManager] LAST_TRANSACTION_CHECKSUM (Checksum of last committed transaction): 0
2018-10-08 17:37:22.850+0000 INFO [o.n.k.i.DiagnosticsManager] UPGRADE_TRANSACTION_CHECKSUM (Checksum of transaction id the most recent upgrade was performed at): 0
2018-10-08 17:37:22.850+0000 INFO [o.n.k.i.DiagnosticsManager] LAST_CLOSED_TRANSACTION_LOG_VERSION (Log version where the last transaction commit entry has been written into): 0
2018-10-08 17:37:22.850+0000 INFO [o.n.k.i.DiagnosticsManager] LAST_CLOSED_TRANSACTION_LOG_BYTE_OFFSET (Byte offset in the log file where the last transaction commit entry has been written into): 16
2018-10-08 17:37:22.850+0000 INFO [o.n.k.i.DiagnosticsManager] LAST_TRANSACTION_COMMIT_TIMESTAMP (Commit time timestamp for last committed transaction): 0
2018-10-08 17:37:22.850+0000 INFO [o.n.k.i.DiagnosticsManager] UPGRADE_TRANSACTION_COMMIT_TIMESTAMP (Commit timestamp of transaction the most recent upgrade was performed at): 0
2018-10-08 17:37:22.850+0000 INFO [o.n.k.i.DiagnosticsManager] Transaction log:
2018-10-08 17:37:22.850+0000 INFO [o.n.k.i.DiagnosticsManager] No transactions found in any log
2018-10-08 17:37:22.850+0000 INFO [o.n.k.i.DiagnosticsManager] Disk space on partition (Total / Free / Free %): 0 / 0 / 0
2018-10-08 17:37:22.850+0000 INFO [o.n.k.i.DiagnosticsManager] Storage files: (filename : modification date - size)
2018-10-08 17:37:22.850+0000 INFO [o.n.k.i.DiagnosticsManager] Storage summary: 
2018-10-08 17:37:22.850+0000 INFO [o.n.k.i.DiagnosticsManager]   Total size of store: 0.00 B
2018-10-08 17:37:22.850+0000 INFO [o.n.k.i.DiagnosticsManager]   Total size of mapped files: 0.00 B
2018-10-08 17:37:22.850+0000 INFO [o.n.k.i.l.StoreLogService] Rotated internal log file
2018-10-08 17:37:22.819+0000 WARN [o.n.b.r.DefaultBoltConnection] Unsupported authentication token, scheme 'none' is only allowed when auth is disabled.
2018-10-08 17:37:33.570+0000 WARN [o.n.b.r.DefaultBoltConnection] Unsupported authentication token, scheme 'none' is only allowed when auth is disabled.
2018-10-08 17:37:33.605+0000 WARN [o.n.b.r.DefaultBoltConnection] Unsupported authentication token, scheme 'none' is only allowed when auth is disabled.
2018-10-08 17:38:01.662+0000 WARN [o.n.b.r.DefaultBoltConnection] Unsupported authentication token, scheme 'none' is only allowed when auth is disabled.
2018-10-08 17:38:01.697+0000 WARN [o.n.b.r.DefaultBoltConnection] Unsupported authentication token, scheme 'none' is only allowed when auth is disabled.
2018-10-08 17:38:34.062+0000 WARN [o.n.b.r.DefaultBoltConnection] Unsupported authentication token, scheme 'none' is only allowed when auth is disabled.
2018-10-08 17:38:44.974+0000 WARN [o.n.b.r.DefaultBoltConnection] The client is unauthorized due to authentication failure.
2018-10-08 17:39:02.620+0000 WARN [o.n.b.r.DefaultBoltConnection] The client is unauthorized due to authentication failure.
